<?xml version="1.0" encoding="UTF-8"?>
<!-- Generated by org.testng.reporters.JUnitXMLReporter -->
<testsuite ignored="2" hostname="DESKTOP-H2J9PSJ" failures="0" tests="2" name="Test" time="13.505" errors="0" timestamp="2024-06-18T11:53:42 IST">
  <testcase classname="cars.MarutiTest" name="launch" time="7.166"/>
  <testcase classname="cars.HyundaiTest" name="launch" time="6.293"/>
  <testcase classname="cars.FordTest" name="launch" time="0.0">
    <ignored/>
  </testcase> <!-- launch -->
  <testcase classname="cars.TataMotors" name="launch" time="0.0">
    <ignored/>
  </testcase> <!-- launch -->
</testsuite> <!-- Test -->
